Log file open, 06/29/17 18:18:01
LogInit:Display: Running engine for game: DashEffect
LogPlatformFile: Not using cached read wrapper
LogInit:Display: RandInit(1691085176) SRandInit(1691085176).
LogTaskGraph: Started task graph with 5 named threads and 8 total threads with 1 sets of task threads.
LogStats: Stats thread started at 0.090207
LogInit: Using libcurl 7.47.1
LogInit:  - built for x86_64-pc-win32
LogInit:  - supports SSL with OpenSSL/1.0.2g
LogInit:  - supports HTTP deflate (compression) using libz 1.2.8
LogInit:  - other features:
LogInit:      CURL_VERSION_SSL
LogInit:      CURL_VERSION_LIBZ
LogInit:      CURL_VERSION_IPV6
LogInit:      CURL_VERSION_ASYNCHDNS
LogInit:      CURL_VERSION_LARGEFILE
LogInit:      CURL_VERSION_IDN
LogInit:  CurlRequestOptions (configurable via config and command line):
LogInit:  - bVerifyPeer = false  - Libcurl will NOT verify peer certificate
LogInit:  - bUseHttpProxy = false  - Libcurl will NOT use HTTP proxy
LogInit:  - bDontReuseConnections = false  - Libcurl will reuse connections
LogInit:  - CertBundlePath = nullptr  - Libcurl will use whatever was configured at build time.
LogInit: Build: ++UE4+Release-4.15-CL-3416026
LogInit: Engine Version: 4.15.2-3416026+++UE4+Release-4.15
LogInit: Compatible Engine Version: 4.15.0-3299760+++UE4+Release-4.15
LogInit: Net CL: 3299760
LogDevObjectVersion: Number of dev versions registered: 14
LogDevObjectVersion:   Dev-Blueprints (B0D832E4-1F89-4F0D-ACCF-7EB736FD4AA2): 8
LogDevObjectVersion:   Dev-Build (E1C64328-A22C-4D53-A36C-8E866417BD8C): 0
LogDevObjectVersion:   Dev-Core (375EC13C-06E4-48FB-B500-84F0262A717E): 2
LogDevObjectVersion:   Dev-Editor (E4B068ED-F494-42E9-A231-DA0B2E46BB41): 14
LogDevObjectVersion:   Dev-Framework (CFFC743F-43B0-4480-9391-14DF171D2073): 22
LogDevObjectVersion:   Dev-Mobile (B02B49B5-BB20-44E9-A304-32B752E40360): 0
LogDevObjectVersion:   Dev-Networking (A4E4105C-59A1-49B5-A7C5-40C4547EDFEE): 0
LogDevObjectVersion:   Dev-Online (39C831C9-5AE6-47DC-9A44-9C173E1C8E7C): 0
LogDevObjectVersion:   Dev-Physics (78F01B33-EBEA-4F98-B9B4-84EACCB95AA2): 0
LogDevObjectVersion:   Dev-Platform (6631380F-2D4D-43E0-8009-CF276956A95A): 0
LogDevObjectVersion:   Dev-Rendering (12F88B9F-8875-4AFC-A67C-D90C383ABD29): 12
LogDevObjectVersion:   Dev-Sequencer (7B5AE74C-D270-4C10-A958-57980B212A5A): 3
LogDevObjectVersion:   Dev-VR (D7296918-1DD6-4BDD-9DE2-64A83CC13884): 0
LogDevObjectVersion:   Dev-LoadTimes (C2A15278-BFE7-4AFE-6C17-90FF531DF755): 1
LogInit: Compiled (64-bit): May  1 2017 13:11:28
LogInit: Compiled with Visual C++: 19.00.23026.00
LogInit: Build Configuration: Development
LogInit: Branch Name: ++UE4+Release-4.15
LogInit: Command line:  
LogInit: Base directory: C:/Program Files/Epic Games/UE_4.15/Engine/Binaries/Win64/
LogInit: Installed Engine Build: 1
LogInit: Presizing for max 8388607 objects, including 0 objects not considered by GC, pre-allocating 0 bytes for permanent pool.
LogInit: Object subsystem initialized
[2017.06.29-22.18.02:939][  0]LogInit: Selected Device Profile: [Windows]
[2017.06.29-22.18.02:939][  0]LogInit: Applying CVar settings loaded from the selected device profile: [Windows]
[2017.06.29-22.18.02:948][  0]LogInit: Computer: EGDWS_MA_004
[2017.06.29-22.18.02:948][  0]LogInit: User: Camper
[2017.06.29-22.18.02:948][  0]LogInit: CPU Page size=65536, Cores=4
[2017.06.29-22.18.02:948][  0]LogInit: High frequency timer resolution =2.338346 MHz
[2017.06.29-22.18.02:949][  0]LogMemory: Memory total: Physical=15.6GB (16GB approx)
[2017.06.29-22.18.02:949][  0]LogMemory: Platform Memory Stats for Windows
[2017.06.29-22.18.02:949][  0]LogMemory: Process Physical Memory: 263.64 MB used, 263.64 MB peak
[2017.06.29-22.18.02:949][  0]LogMemory: Process Virtual Memory: 262.67 MB used, 262.67 MB peak
[2017.06.29-22.18.02:949][  0]LogMemory: Physical Memory: 7193.30 MB used,  8816.21 MB free, 16009.51 MB total
[2017.06.29-22.18.02:949][  0]LogMemory: Virtual Memory: 630.80 MB used,  8816.21 MB free, 134217728.00 MB total
[2017.06.29-22.18.03:058][  0]LogTextLocalizationManager: No specific translations for ('en-US') exist, so ('en') translations will be used.
[2017.06.29-22.18.04:032][  0]LogD3D11RHI: D3D11 adapters:
[2017.06.29-22.18.04:058][  0]LogD3D11RHI:    0. 'NVIDIA Quadro K1100M   ' (Feature Level 11_0)
[2017.06.29-22.18.04:058][  0]LogD3D11RHI:       1992/0/8004 MB DedicatedVideo/DedicatedSystem/SharedSystem, Outputs:1, VendorId:0x10de
[2017.06.29-22.18.04:066][  0]LogD3D11RHI:    1. 'Intel(R) HD Graphics 4600' (Feature Level 11_0)
[2017.06.29-22.18.04:066][  0]LogD3D11RHI:       112/0/2048 MB DedicatedVideo/DedicatedSystem/SharedSystem, Outputs:0, VendorId:0x8086
[2017.06.29-22.18.04:068][  0]LogD3D11RHI:    2. 'Microsoft Basic Render Driver' (Feature Level 11_0)
[2017.06.29-22.18.04:068][  0]LogD3D11RHI:       0/0/8004 MB DedicatedVideo/DedicatedSystem/SharedSystem, Outputs:0, VendorId:0x1414
[2017.06.29-22.18.04:068][  0]LogD3D11RHI: Chosen D3D11 Adapter: 0
[2017.06.29-22.18.04:074][  0]LogD3D11RHI: Creating new Direct3DDevice
[2017.06.29-22.18.04:074][  0]LogD3D11RHI:     GPU DeviceId: 0xff6 (for the marketing name, search the web for "GPU Device Id")
[2017.06.29-22.18.04:074][  0]LogWindows: EnumDisplayDevices:
[2017.06.29-22.18.04:074][  0]LogWindows:    0. 'Intel(R) HD Graphics 4600' (P:1 D:1)
[2017.06.29-22.18.04:075][  0]LogWindows:    1. 'Intel(R) HD Graphics 4600' (P:0 D:0)
[2017.06.29-22.18.04:075][  0]LogWindows:    2. 'Intel(R) HD Graphics 4600' (P:0 D:0)
[2017.06.29-22.18.04:075][  0]LogWindows: DebugString: PrimaryIsNotTheChoosenAdapter PrimaryIsNotTheChoosenAdapter PrimaryIsNotTheChoosenAdapter FoundDriverCount:0 
[2017.06.29-22.18.04:075][  0]LogD3D11RHI:     Adapter Name: NVIDIA Quadro K1100M   
[2017.06.29-22.18.04:075][  0]LogD3D11RHI:   Driver Version: Unknown (internal:Unknown, unified:Unknown)
[2017.06.29-22.18.04:075][  0]LogD3D11RHI:      Driver Date: Unknown
[2017.06.29-22.18.04:075][  0]LogRHI: Texture pool is 1361 MB (70% of 1945 MB)
[2017.06.29-22.18.04:095][  0]LogD3D11RHI:Warning: Timestamp queries are currently disabled on this hardware due to instability. Realtime GPU stats will not be available. You can override this behaviour by setting r.NVIDIATimestampWorkaround to 0
[2017.06.29-22.18.04:099][  0]LogD3D11RHI: NvAPI_D3D_GetCurrentSLIState failed: 0xfffffff7
[2017.06.29-22.18.04:101][  0]LogD3D11RHI: [Aftermath] Aftermath enabled but failed to initialize due to reason: DriverVersionNotSupported
[2017.06.29-22.18.04:101][  0]LogD3D11RHI: Async texture creation enabled
[2017.06.29-22.18.04:120][  0]LogD3D11RHI: GPU Timing Frequency: 1000.000000 (Debug: 2 2)
[2017.06.29-22.18.04:122][  0]LogShaderCompilers: Guid format shader working directory is -20 characters bigger than the processId version (../../../../../../Users/Camper/Documents/Unreal Projects/DashEffect/Intermediate/Shaders/WorkingDirectory/9072/).
[2017.06.29-22.18.04:122][  0]LogShaderCompilers: Cleaned the shader compiler working directory 'C:/Users/Camper/AppData/Local/Temp/UnrealShaderWorkingDir/A99FAA5F467CF5C96C6305AD05DBD474/'.
[2017.06.29-22.18.04:122][  0]LogShaderCompilers:Display: Using Local Shader Compiler.
[2017.06.29-22.18.05:448][  0]LogTemp:Display: Loaded TP AllDesktopTargetPlatform
[2017.06.29-22.18.05:539][  0]LogTemp:Display: Loaded TP MacClientTargetPlatform
[2017.06.29-22.18.05:634][  0]LogTemp:Display: Loaded TP MacNoEditorTargetPlatform
[2017.06.29-22.18.05:756][  0]LogTemp:Display: Loaded TP MacServerTargetPlatform
[2017.06.29-22.18.05:855][  0]LogTemp:Display: Loaded TP MacTargetPlatform
[2017.06.29-22.18.05:941][  0]LogTemp:Display: Loaded TP WindowsClientTargetPlatform
[2017.06.29-22.18.06:028][  0]LogTemp:Display: Loaded TP WindowsNoEditorTargetPlatform
[2017.06.29-22.18.06:117][  0]LogTemp:Display: Loaded TP WindowsServerTargetPlatform
[2017.06.29-22.18.06:189][  0]LogTemp:Display: Loaded TP WindowsTargetPlatform
[2017.06.29-22.18.06:277][  0]LogTemp:Display: Loaded TP AndroidTargetPlatform
[2017.06.29-22.18.06:362][  0]LogTemp:Display: Loaded TP Android_ASTCTargetPlatform
[2017.06.29-22.18.06:449][  0]LogTemp:Display: Loaded TP Android_ATCTargetPlatform
[2017.06.29-22.18.06:534][  0]LogTemp:Display: Loaded TP Android_DXTTargetPlatform
[2017.06.29-22.18.06:625][  0]LogTemp:Display: Loaded TP Android_ETC1TargetPlatform
[2017.06.29-22.18.06:711][  0]LogTemp:Display: Loaded TP Android_ETC2TargetPlatform
[2017.06.29-22.18.06:882][  0]LogTemp:Display: Loaded TP Android_MultiTargetPlatform
[2017.06.29-22.18.06:882][  0]LogTemp:Display: Loaded TP Android_PVRTCTargetPlatform
[2017.06.29-22.18.06:947][  0]LogTemp:Display: Loaded TP HTML5TargetPlatform
[2017.06.29-22.18.07:086][  0]LogTemp:Display: Loaded TP IOSTargetPlatform
[2017.06.29-22.18.07:137][  0]LogTemp:Display: Loaded TP TVOSTargetPlatform
[2017.06.29-22.18.07:221][  0]LogTemp:Display: Loaded TP LinuxClientTargetPlatform
[2017.06.29-22.18.07:305][  0]LogTemp:Display: Loaded TP LinuxNoEditorTargetPlatform
[2017.06.29-22.18.07:389][  0]LogTemp:Display: Loaded TP LinuxServerTargetPlatform
[2017.06.29-22.18.07:479][  0]LogTemp:Display: Loaded TP LinuxTargetPlatform
[2017.06.29-22.18.07:479][  0]LogTargetPlatformManager:Display: Building Assets For Windows
[2017.06.29-22.18.08:205][  0]LogDerivedDataCache:Display: Max Cache Size: 512 MB
[2017.06.29-22.18.08:319][  0]LogDerivedDataCache: Loaded boot cache 0.11s 50MB C:/Users/Camper/AppData/Local/UnrealEngine/4.15/DerivedDataCache/Boot.ddc.
[2017.06.29-22.18.08:320][  0]LogDerivedDataCache:Display: Loaded Boot cache: C:/Users/Camper/AppData/Local/UnrealEngine/4.15/DerivedDataCache/Boot.ddc
[2017.06.29-22.18.08:320][  0]LogDerivedDataCache: FDerivedDataBackendGraph:  Pak pak cache file ../../../../../../Users/Camper/Documents/Unreal Projects/DashEffect/DerivedDataCache/DDC.ddp not found, will not use a pak cache.
[2017.06.29-22.18.08:320][  0]LogDerivedDataCache: Unable to find inner node Pak for hierarchical cache Hierarchy.
[2017.06.29-22.18.08:320][  0]LogDerivedDataCache: FDerivedDataBackendGraph:  CompressedPak pak cache file ../../../../../../Users/Camper/Documents/Unreal Projects/DashEffect/DerivedDataCache/Compressed.ddp not found, will not use a pak cache.
[2017.06.29-22.18.08:320][  0]LogDerivedDataCache: Unable to find inner node CompressedPak for hierarchical cache Hierarchy.
[2017.06.29-22.18.08:342][  0]LogDerivedDataCache:Display: Pak cache opened for reading ../../../Engine/DerivedDataCache/Compressed.ddp.
[2017.06.29-22.18.08:354][  0]LogDerivedDataCache: Using Local data cache path C:/Users/Camper/AppData/Local/UnrealEngine/Common/DerivedDataCache: Writable
[2017.06.29-22.18.08:367][  0]LogSlate: Using Freetype 2.6.0
[2017.06.29-22.18.08:368][  0]LogSlate: SlateFontCache - WITH_FREETYPE: 1, WITH_HARFBUZZ: 1
[2017.06.29-22.18.08:368][  0]LogSlate: SlateFontCache - WITH_FREETYPE: 1, WITH_HARFBUZZ: 1
[2017.06.29-22.18.08:877][  0]LogInit: Selected Device Profile: [Windows]
[2017.06.29-22.18.08:882][  0]LogContentStreaming: Texture pool size is 0.00 MB
[2017.06.29-22.18.09:199][  0]LogMeshUtilities: Using QuadricMeshReduction for automatic static mesh reduction
[2017.06.29-22.18.09:275][  0]LogSimplygon: Simplygon DLL not present - disabling.
[2017.06.29-22.18.09:361][  0]LogMeshUtilities: Using SimplygonSwarm for distributed automatic mesh merging
[2017.06.29-22.18.09:361][  0]LogMeshUtilities: No automatic skeletal mesh reduction module available
[2017.06.29-22.18.09:361][  0]LogMeshUtilities: No automatic mesh merging module available
[2017.06.29-22.18.10:276][  0]LogNetVersion: GetLocalNetworkVersion: CL: 3299760, ProjectName: dasheffect, ProjectVersion: , EngineNetworkVersion: 2, GameNetworkVersion: 0, NetworkChecksum: 3297082096
[2017.06.29-22.18.10:344][  0]LogAssetRegistry: FAssetRegistry took 0.0216 seconds to start up
[2017.06.29-22.18.10:408][  0]LogFileManager:Warning: MoveFile was unable to move '../../../../../../Users/Camper/Documents/Unreal Projects/DashEffect/Intermediate/AssetRegistryCache/2657c409.bin.tmp' to '../../../../../../Users/Camper/Documents/Unreal Projects/DashEffect/Intermediate/AssetRegistryCache/2657c409.bin', retrying in .5s...
[2017.06.29-22.18.10:909][  0]LogFileManager:Warning: MoveFile was unable to move '../../../../../../Users/Camper/Documents/Unreal Projects/DashEffect/Intermediate/AssetRegistryCache/2657c409.bin.tmp' to '../../../../../../Users/Camper/Documents/Unreal Projects/DashEffect/Intermediate/AssetRegistryCache/2657c409.bin', retrying in .5s...
[2017.06.29-22.18.11:410][  0]LogFileManager:Warning: MoveFile was unable to move '../../../../../../Users/Camper/Documents/Unreal Projects/DashEffect/Intermediate/AssetRegistryCache/2657c409.bin.tmp' to '../../../../../../Users/Camper/Documents/Unreal Projects/DashEffect/Intermediate/AssetRegistryCache/2657c409.bin', retrying in .5s...
[2017.06.29-22.18.11:910][  0]LogFileManager:Warning: MoveFile was unable to move '../../../../../../Users/Camper/Documents/Unreal Projects/DashEffect/Intermediate/AssetRegistryCache/2657c409.bin.tmp' to '../../../../../../Users/Camper/Documents/Unreal Projects/DashEffect/Intermediate/AssetRegistryCache/2657c409.bin', retrying in .5s...
[2017.06.29-22.18.12:411][  0]LogFileManager:Warning: MoveFile was unable to move '../../../../../../Users/Camper/Documents/Unreal Projects/DashEffect/Intermediate/AssetRegistryCache/2657c409.bin.tmp' to '../../../../../../Users/Camper/Documents/Unreal Projects/DashEffect/Intermediate/AssetRegistryCache/2657c409.bin', retrying in .5s...
[2017.06.29-22.18.12:911][  0]LogFileManager:Warning: MoveFile was unable to move '../../../../../../Users/Camper/Documents/Unreal Projects/DashEffect/Intermediate/AssetRegistryCache/2657c409.bin.tmp' to '../../../../../../Users/Camper/Documents/Unreal Projects/DashEffect/Intermediate/AssetRegistryCache/2657c409.bin', retrying in .5s...
[2017.06.29-22.18.13:411][  0]LogFileManager:Warning: MoveFile was unable to move '../../../../../../Users/Camper/Documents/Unreal Projects/DashEffect/Intermediate/AssetRegistryCache/2657c409.bin.tmp' to '../../../../../../Users/Camper/Documents/Unreal Projects/DashEffect/Intermediate/AssetRegistryCache/2657c409.bin', retrying in .5s...
[2017.06.29-22.18.13:912][  0]LogFileManager:Warning: MoveFile was unable to move '../../../../../../Users/Camper/Documents/Unreal Projects/DashEffect/Intermediate/AssetRegistryCache/2657c409.bin.tmp' to '../../../../../../Users/Camper/Documents/Unreal Projects/DashEffect/Intermediate/AssetRegistryCache/2657c409.bin', retrying in .5s...
[2017.06.29-22.18.14:412][  0]LogFileManager:Warning: MoveFile was unable to move '../../../../../../Users/Camper/Documents/Unreal Projects/DashEffect/Intermediate/AssetRegistryCache/2657c409.bin.tmp' to '../../../../../../Users/Camper/Documents/Unreal Projects/DashEffect/Intermediate/AssetRegistryCache/2657c409.bin', retrying in .5s...
[2017.06.29-22.18.14:913][  0]LogFileManager:Warning: MoveFile was unable to move '../../../../../../Users/Camper/Documents/Unreal Projects/DashEffect/Intermediate/AssetRegistryCache/2657c409.bin.tmp' to '../../../../../../Users/Camper/Documents/Unreal Projects/DashEffect/Intermediate/AssetRegistryCache/2657c409.bin', retrying in .5s...
[2017.06.29-22.18.15:413][  0]LogFileManager:Error: Error moving file '../../../../../../Users/Camper/Documents/Unreal Projects/DashEffect/Intermediate/AssetRegistryCache/2657c409.bin.tmp' to '../../../../../../Users/Camper/Documents/Unreal Projects/DashEffect/Intermediate/AssetRegistryCache/2657c409.bin'.
[2017.06.29-22.18.15:456][  0]LogPackageLocalizationCache: Processed 3 localized package path(s) for 2 prioritized culture(s) in 5.058574 seconds
[2017.06.29-22.18.15:467][  0]LogUObjectArray: 32493 objects as part of root set at end of initial load.
[2017.06.29-22.18.15:467][  0]LogUObjectAllocator: 7077032 out of 0 bytes used by permanent object pool.
[2017.06.29-22.18.15:467][  0]LogUObjectArray: CloseDisregardForGC: 0/0 objects in disregard for GC pool
[2017.06.29-22.18.15:611][  0]LogInit: WinSock: version 1.1 (2.2), MaxSocks=32767, MaxUdp=65467
[2017.06.29-22.18.18:782][  0]LogTcpMessaging: Initializing TcpMessaging bridge
[2017.06.29-22.18.18:844][  0]LogUdpMessaging: Initializing bridge on interface 0.0.0.0:0 to multicast group 230.0.0.1:6666.
[2017.06.29-22.18.19:844][  0]LogMaterial: Uniform references updated for custom material expression Custom.
[2017.06.29-22.18.20:616][  0]SourceControl: Info Source control is disabled
[2017.06.29-22.18.20:618][  0]SourceControl: Info Source control is disabled
[2017.06.29-22.18.20:734][  0]SourceControl: Info Source control is disabled
[2017.06.29-22.18.20:852][  0]SourceControl: Info Source control is disabled
[2017.06.29-22.18.23:559][  0]LogEngine: Initializing Engine...
[2017.06.29-22.18.23:560][  0]LogHMD: Failed to initialize OpenVR with code 110
[2017.06.29-22.18.23:715][  0]LogStats: UGameplayTagsManager::ConstructGameplayTagTree: Construct from data asset -  0.000 s
[2017.06.29-22.18.23:715][  0]LogStats: UGameplayTagsManager::ConstructGameplayTagTree: GameplayTagTreeChangedEvent.Broadcast -  0.000 s
[2017.06.29-22.18.23:962][  0]LogAIModule: Creating AISystem for world Untitled
[2017.06.29-22.18.23:970][  0]LogInit: XAudio2 using 'Speaker/HP (Realtek High Definition Audio)' : 2 channels at 48 kHz using 32 bits per sample (channel mask 0x3)
[2017.06.29-22.18.23:988][  0]LogInit: FAudioDevice initialized.
[2017.06.29-22.18.24:028][  0]LogDerivedDataCache: Saved boot cache 0.04s 50MB C:/Users/Camper/AppData/Local/UnrealEngine/4.15/DerivedDataCache/Boot.ddc.
[2017.06.29-22.18.24:040][  0]LogInit: Texture streaming: Enabled
[2017.06.29-22.18.24:203][  0]LogEngineSessionManager: EngineSessionManager initialized
[2017.06.29-22.18.24:381][  0]LogInit: Transaction tracking system initialized
[2017.06.29-22.18.25:222][  0]BlueprintLog: New page: Editor Load
[2017.06.29-22.18.27:155][  0]LocalizationService: Info Localization service is disabled
[2017.06.29-22.18.28:559][  0]LogConsoleResponse:Display: 
[2017.06.29-22.18.28:747][  0]LogCook:Display: Max memory allowance for cook 16384mb min free memory 0mb
[2017.06.29-22.18.28:747][  0]LogCook:Display: Mobile HDR setting 1
[2017.06.29-22.18.29:401][  0]LogFileCache: Scanning file cache for directory 'C:/Users/Camper/Documents/Unreal Projects/DashEffect/Content/' took 0.02s
[2017.06.29-22.18.30:890][  0]SourceControl: Info Source control is disabled
[2017.06.29-22.18.30:891][  0]Cmd: MAP LOAD FILE="../../../../../../Users/Camper/Documents/Unreal Projects/DashEffect/Content/FirstPersonBP/Maps/FirstPersonExampleMap.umap" TEMPLATE=0 SHOWPROGRESS=1 FEATURELEVEL=3
[2017.06.29-22.18.30:892][  0]LightingResults: New page: Lighting Build
[2017.06.29-22.18.30:980][  0]MapCheck: New page: Map Check
[2017.06.29-22.18.30:980][  0]LightingResults: New page: Lighting Build
[2017.06.29-22.18.31:873][  0]LogAIModule: Creating AISystem for world FirstPersonExampleMap
[2017.06.29-22.18.31:924][  0]LogEditorServer: Finished looking for orphan Actors (0.000 secs)
[2017.06.29-22.18.31:925][  0]Cmd: MAP CHECKDEP NOCLEARLOG
[2017.06.29-22.18.32:077][  0]MapCheck: Info Map check complete: 0 Error(s), 0 Warning(s), took 152.012ms to complete.
[2017.06.29-22.18.32:077][  0]LogFileHelpers: Loading map 'FirstPersonExampleMap' took 1.187
[2017.06.29-22.18.32:391][  0]LogCollectionManager: Loaded 0 collections in 0.009623 seconds
[2017.06.29-22.18.32:546][  0]LogFileCache: Scanning file cache for directory 'C:/Users/Camper/Documents/Unreal Projects/DashEffect/Saved/Collections/' took 0.01s
[2017.06.29-22.18.32:546][  0]LogFileCache: Scanning file cache for directory 'C:/Users/Camper/Documents/Unreal Projects/DashEffect/Content/Developers/Camper/Collections/' took 0.02s
[2017.06.29-22.18.32:546][  0]LogFileCache: Scanning file cache for directory 'C:/Users/Camper/Documents/Unreal Projects/DashEffect/Content/Collections/' took 0.01s
[2017.06.29-22.18.32:546][  0]LogCollectionManager: Rebuilt the GUID cache for 0 collections in 0.000002 seconds
[2017.06.29-22.18.32:558][  0]LogContentBrowser: Native class hierarchy populated in 0.0117 seconds. Added 2245 classes and 453 folders.
[2017.06.29-22.18.32:671][  0]LogContentBrowser: Native class hierarchy updated for 'WidgetCarousel' in 0.0006 seconds. Added 0 classes and 0 folders.
[2017.06.29-22.18.32:754][  0]LogContentBrowser: Native class hierarchy updated for 'AddContentDialog' in 0.0009 seconds. Added 0 classes and 0 folders.
[2017.06.29-22.18.32:832][  0]LogContentBrowser: Native class hierarchy updated for 'SceneOutliner' in 0.0006 seconds. Added 1 classes and 2 folders.
[2017.06.29-22.18.33:016][  0]LogCrashTracker: Crashtracker disabled due to settings.
[2017.06.29-22.18.33:024][  0]LogUObjectGlobals:Warning: Failed to find object 'Class None.'
[2017.06.29-22.18.33:142][  0]LogContentBrowser: Native class hierarchy updated for 'HierarchicalLODOutliner' in 0.0007 seconds. Added 1 classes and 2 folders.
[2017.06.29-22.18.33:142][  0]LogLoad: (Engine Initialization) Total time: 33.05 seconds
[2017.06.29-22.18.33:142][  0]LogLoad: (Engine Initialization) Total Blueprint compile time: 0.39 seconds
[2017.06.29-22.18.33:142][  0]LogExternalProfiler: No external profilers were discovered.  External profiling features will not be available.
[2017.06.29-22.18.33:482][  0]LogOcInput: OculusInput pre-init called
[2017.06.29-22.18.33:512][  0]LogContentStreaming: Texture pool size now 1000 MB
[2017.06.29-22.18.33:514][  0]LogSlate: Took 0.000345 seconds to synchronously load lazily loaded font '../../../Engine/Content/Slate/Fonts/Roboto-Regular.ttf' (155K)
[2017.06.29-22.18.33:518][  0]LogSlate: Took 0.000358 seconds to synchronously load lazily loaded font '../../../Engine/Content/Slate/Fonts/Roboto-Bold.ttf' (160K)
[2017.06.29-22.18.33:524][  0]LogSlate: Took 0.000356 seconds to synchronously load lazily loaded font '../../../Engine/Content/Editor/Slate/Fonts/FontAwesome.ttf' (139K)
[2017.06.29-22.18.33:689][  0]LogSlate: Took 0.000382 seconds to synchronously load lazily loaded font '../../../Engine/Content/Slate/Fonts/Roboto-Light.ttf' (159K)
[2017.06.29-22.18.33:777][  0]LogRenderer: Reallocating scene render targets to support 1288x700 NumSamples 1 (Frame:2).
[2017.06.29-22.18.34:231][  2]LogAssetRegistry: Asset discovery search completed in 23.9088 seconds
[2017.06.29-22.18.34:231][  2]LogCollectionManager: Rebuilt the object cache for 0 collections in 0.000010 seconds (found 0 objects)
[2017.06.29-22.18.34:231][  2]LogCollectionManager: Fixed up redirectors for 0 collections in 0.000027 seconds (updated 0 objects)
[2017.06.29-22.18.37:431][ 15]LogWindowsTextInputMethodSystem:Display: IME system now deactivated.
[2017.06.29-22.18.37:688][ 16]Cmd: QUIT_EDITOR
[2017.06.29-22.18.37:757][ 16]LogExit: Preparing to exit.
[2017.06.29-22.18.38:003][ 16]LogDirectoryWatcher: A directory notification for 'C:/Users/Camper/Documents/Unreal Projects/DashEffect/Content/' was aborted.
[2017.06.29-22.18.38:061][ 16]LogExit: Editor shut down
[2017.06.29-22.18.38:061][ 16]LogExit: Transaction tracking system shut down
[2017.06.29-22.18.38:151][ 16]LogObj: Freed 0b from 0 cluster array pools.
[2017.06.29-22.18.38:151][ 16]LogExit: Object subsystem successfully closed.
[2017.06.29-22.18.38:235][ 16]LogD3D11RHI: Shutdown
[2017.06.29-22.18.38:235][ 16]LogD3D11RHI: CleanupD3DDevice
[2017.06.29-22.18.38:637][ 16]LogD3D11RHI: ~FD3D11DynamicRHI
[2017.06.29-22.18.38:683][ 16]LogModuleManager: Shutting down and abandoning module HierarchicalLODOutliner (498)
[2017.06.29-22.18.38:683][ 16]LogModuleManager: Shutting down and abandoning module CrashTracker (496)
[2017.06.29-22.18.38:683][ 16]LogModuleManager: Shutting down and abandoning module SceneOutliner (494)
[2017.06.29-22.18.38:683][ 16]LogModuleManager: Shutting down and abandoning module AddContentDialog (492)
[2017.06.29-22.18.38:683][ 16]LogDirectoryWatcher: A directory notification for 'C:/Program Files/Epic Games/UE_4.15/FeaturePacks/' was aborted.
[2017.06.29-22.18.38:685][ 16]LogModuleManager: Shutting down and abandoning module WidgetCarousel (491)
[2017.06.29-22.18.38:685][ 16]LogModuleManager: Shutting down and abandoning module EditorWidgets (488)
[2017.06.29-22.18.38:685][ 16]LogModuleManager: Shutting down and abandoning module CollectionManager (486)
[2017.06.29-22.18.38:685][ 16]LogDirectoryWatcher: A directory notification for 'C:/Users/Camper/Documents/Unreal Projects/DashEffect/Content/Collections/' was aborted.
[2017.06.29-22.18.38:685][ 16]LogDirectoryWatcher: A directory notification for 'C:/Users/Camper/Documents/Unreal Projects/DashEffect/Content/Developers/Camper/Collections/' was aborted.
[2017.06.29-22.18.38:685][ 16]LogDirectoryWatcher: A directory notification for 'C:/Users/Camper/Documents/Unreal Projects/DashEffect/Saved/Collections/' was aborted.
[2017.06.29-22.18.38:685][ 16]LogModuleManager: Shutting down and abandoning module StatsViewer (484)
[2017.06.29-22.18.38:685][ 16]LogModuleManager: Shutting down and abandoning module FoliageEdit (482)
[2017.06.29-22.18.38:685][ 16]LogModuleManager: Shutting down and abandoning module LandscapeEditor (480)
[2017.06.29-22.18.38:685][ 16]LogModuleManager: Shutting down and abandoning module SceneDepthPickerMode (478)
[2017.06.29-22.18.38:685][ 16]LogModuleManager: Shutting down and abandoning module ActorPickerMode (476)
[2017.06.29-22.18.38:685][ 16]LogModuleManager: Shutting down and abandoning module GeometryMode (474)
[2017.06.29-22.18.38:685][ 16]LogModuleManager: Shutting down and abandoning module TextureAlignMode (472)
[2017.06.29-22.18.38:685][ 16]LogModuleManager: Shutting down and abandoning module BspMode (470)
[2017.06.29-22.18.38:685][ 16]LogModuleManager: Shutting down and abandoning module HardwareSurvey (468)
[2017.06.29-22.18.38:685][ 16]LogModuleManager: Shutting down and abandoning module SequenceRecorderSections (466)
[2017.06.29-22.18.38:685][ 16]LogModuleManager: Shutting down and abandoning module AutomationWorker (464)
[2017.06.29-22.18.38:685][ 16]LogModuleManager: Shutting down and abandoning module MatineeToLevelSequence (462)
[2017.06.29-22.18.38:685][ 16]LogModuleManager: Shutting down and abandoning module LevelSequenceEditor (460)
[2017.06.29-22.18.38:685][ 16]LogModuleManager: Shutting down and abandoning module PlacementMode (459)
[2017.06.29-22.18.38:685][ 16]LogModuleManager: Shutting down and abandoning module WmfMediaFactory (456)
[2017.06.29-22.18.38:685][ 16]LogModuleManager: Shutting down and abandoning module WmfMediaEditor (454)
[2017.06.29-22.18.38:685][ 16]LogModuleManager: Shutting down and abandoning module MfMediaFactory (452)
[2017.06.29-22.18.38:685][ 16]LogModuleManager: Shutting down and abandoning module MfMediaEditor (450)
[2017.06.29-22.18.38:685][ 16]LogModuleManager: Shutting down and abandoning module AvfMediaFactory (448)
[2017.06.29-22.18.38:685][ 16]LogModuleManager: Shutting down and abandoning module AvfMediaEditor (446)
[2017.06.29-22.18.38:686][ 16]LogModuleManager: Shutting down and abandoning module AndroidMediaFactory (444)
[2017.06.29-22.18.38:686][ 16]LogModuleManager: Shutting down and abandoning module Media (443)
[2017.06.29-22.18.38:686][ 16]LogModuleManager: Shutting down and abandoning module AndroidMediaEditor (440)
[2017.06.29-22.18.38:686][ 16]LogModuleManager: Shutting down and abandoning module CharacterAI (438)
[2017.06.29-22.18.38:686][ 16]LogModuleManager: Shutting down and abandoning module AudioCapture (436)
[2017.06.29-22.18.38:686][ 16]LogModuleManager: Shutting down and abandoning module SequenceRecorder (435)
[2017.06.29-22.18.38:686][ 16]LogModuleManager: Shutting down and abandoning module SmartSnapping (432)
[2017.06.29-22.18.38:686][ 16]LogModuleManager: Shutting down and abandoning module SessionServices (430)
[2017.06.29-22.18.38:686][ 16]LogModuleManager: Shutting down and abandoning module ViewportSnapping (428)
[2017.06.29-22.18.38:686][ 16]LogModuleManager: Shutting down and abandoning module ViewportInteraction (426)
[2017.06.29-22.18.38:686][ 16]LogModuleManager: Shutting down and abandoning module LogVisualizer (424)
[2017.06.29-22.18.38:686][ 16]LogModuleManager: Shutting down and abandoning module IntroTutorials (422)
[2017.06.29-22.18.38:686][ 16]LogModuleManager: Shutting down and abandoning module GameProjectGeneration (421)
[2017.06.29-22.18.38:686][ 16]LogModuleManager: Shutting down and abandoning module EditorLiveStreaming (418)
[2017.06.29-22.18.38:686][ 16]LogModuleManager: Shutting down and abandoning module IOSPlatformEditor (416)
[2017.06.29-22.18.38:686][ 16]LogModuleManager: Shutting down and abandoning module HTML5PlatformEditor (414)
[2017.06.29-22.18.38:686][ 16]LogModuleManager: Shutting down and abandoning module AndroidPlatformEditor (412)
[2017.06.29-22.18.38:686][ 16]LogModuleManager: Shutting down and abandoning module AndroidDeviceDetection (411)
[2017.06.29-22.18.39:014][ 16]LogModuleManager: Shutting down and abandoning module IOSRuntimeSettings (408)
[2017.06.29-22.18.39:014][ 16]LogModuleManager: Shutting down and abandoning module AndroidRuntimeSettings (406)
[2017.06.29-22.18.39:014][ 16]LogModuleManager: Shutting down and abandoning module InputBindingEditor (404)
[2017.06.29-22.18.39:014][ 16]LogModuleManager: Shutting down and abandoning module NiagaraEditor (402)
[2017.06.29-22.18.39:014][ 16]LogModuleManager: Shutting down and abandoning module MergeActors (400)
[2017.06.29-22.18.39:014][ 16]LogModuleManager: Shutting down and abandoning module SizeMap (398)
[2017.06.29-22.18.39:014][ 16]LogModuleManager: Shutting down and abandoning module TreeMap (396)
[2017.06.29-22.18.39:014][ 16]LogModuleManager: Shutting down and abandoning module ReferenceViewer (394)
[2017.06.29-22.18.39:014][ 16]LogModuleManager: Shutting down and abandoning module LocalizationDashboard (392)
[2017.06.29-22.18.39:014][ 16]LogModuleManager: Shutting down and abandoning module LocalizationService (391)
[2017.06.29-22.18.39:014][ 16]LogModuleManager: Shutting down and abandoning module HardwareTargeting (388)
[2017.06.29-22.18.39:014][ 16]LogModuleManager: Shutting down and abandoning module DeviceProfileEditor (386)
[2017.06.29-22.18.39:014][ 16]LogModuleManager: Shutting down and abandoning module UndoHistory (384)
[2017.06.29-22.18.39:014][ 16]LogModuleManager: Shutting down and abandoning module UserFeedback (382)
[2017.06.29-22.18.39:014][ 16]LogModuleManager: Shutting down and abandoning module XmlParser (380)
[2017.06.29-22.18.39:014][ 16]LogModuleManager: Shutting down and abandoning module Blutility (378)
[2017.06.29-22.18.39:014][ 16]LogModuleManager: Shutting down and abandoning module ProjectSettingsViewer (376)
[2017.06.29-22.18.39:014][ 16]LogModuleManager: Shutting down and abandoning module ProjectTargetPlatformEditor (375)
[2017.06.29-22.18.39:014][ 16]LogModuleManager: Shutting down and abandoning module EditorSettingsViewer (372)
[2017.06.29-22.18.39:014][ 16]LogModuleManager: Shutting down and abandoning module SettingsEditor (370)
[2017.06.29-22.18.39:014][ 16]LogModuleManager: Shutting down and abandoning module ProjectLauncher (368)
[2017.06.29-22.18.39:014][ 16]LogModuleManager: Shutting down and abandoning module SessionFrontend (366)
[2017.06.29-22.18.39:014][ 16]LogModuleManager: Shutting down and abandoning module ProfilerClient (364)
[2017.06.29-22.18.39:014][ 16]LogModuleManager: Shutting down and abandoning module DeviceManager (362)
[2017.06.29-22.18.39:014][ 16]LogModuleManager: Shutting down and abandoning module TargetDeviceServices (361)
[2017.06.29-22.18.39:057][ 16]LogModuleManager: Shutting down and abandoning module AutomationController (358)
[2017.06.29-22.18.39:057][ 16]LogModuleManager: Shutting down and abandoning module AutomationWindow (356)
[2017.06.29-22.18.39:057][ 16]LogModuleManager: Shutting down and abandoning module Layers (354)
[2017.06.29-22.18.39:058][ 16]LogModuleManager: Shutting down and abandoning module ComponentVisualizers (352)
[2017.06.29-22.18.39:058][ 16]LogModuleManager: Shutting down and abandoning module DetailCustomizations (350)
[2017.06.29-22.18.39:058][ 16]LogModuleManager: Shutting down and abandoning module PackagesDialog (348)
[2017.06.29-22.18.39:058][ 16]LogModuleManager: Shutting down and abandoning module Persona (346)
[2017.06.29-22.18.39:058][ 16]LogModuleManager: Shutting down and abandoning module AnimGraph (345)
[2017.06.29-22.18.39:058][ 16]LogModuleManager: Shutting down and abandoning module Kismet (342)
[2017.06.29-22.18.39:060][ 16]LogModuleManager: Shutting down and abandoning module GraphEditor (340)
[2017.06.29-22.18.39:060][ 16]LogModuleManager: Shutting down and abandoning module ClassViewer (338)
[2017.06.29-22.18.39:060][ 16]LogModuleManager: Shutting down and abandoning module Toolbox (336)
[2017.06.29-22.18.39:060][ 16]LogModuleManager: Shutting down and abandoning module ModuleUI (334)
[2017.06.29-22.18.39:060][ 16]LogModuleManager: Shutting down and abandoning module MovieSceneTools (332)
[2017.06.29-22.18.39:060][ 16]LogModuleManager: Shutting down and abandoning module OutputLog (330)
[2017.06.29-22.18.39:060][ 16]LogModuleManager: Shutting down and abandoning module GammaUI (328)
[2017.06.29-22.18.39:060][ 16]LogModuleManager: Shutting down and abandoning module Documentation (326)
[2017.06.29-22.18.39:060][ 16]LogModuleManager: Shutting down and abandoning module Niagara (324)
[2017.06.29-22.18.39:060][ 16]LogModuleManager: Shutting down and abandoning module StreamingPauseRendering (322)
[2017.06.29-22.18.39:060][ 16]LogModuleManager: Shutting down and abandoning module AnalyticsET (320)
[2017.06.29-22.18.39:060][ 16]LogModuleManager: Shutting down and abandoning module PortalServices (318)
[2017.06.29-22.18.39:060][ 16]LogModuleManager: Shutting down and abandoning module PortalRpc (316)
[2017.06.29-22.18.39:060][ 16]LogModuleManager: Shutting down and abandoning module MessagingRpc (314)
[2017.06.29-22.18.39:060][ 16]LogModuleManager: Shutting down and abandoning module AIModule (312)
[2017.06.29-22.18.39:060][ 16]LogModuleManager: Shutting down and abandoning module GameplayDebugger (311)
[2017.06.29-22.18.39:060][ 16]LogModuleManager: Shutting down and abandoning module AITestSuite (309)
[2017.06.29-22.18.39:060][ 16]LogModuleManager: Shutting down and abandoning module ProfilerService (306)
[2017.06.29-22.18.39:276][ 16]LogModuleManager: Shutting down and abandoning module TaskGraph (304)
[2017.06.29-22.18.39:276][ 16]LogModuleManager: Shutting down and abandoning module SteamVRController (302)
[2017.06.29-22.18.39:276][ 16]LogModuleManager: Shutting down and abandoning module SteamVR (300)
[2017.06.29-22.18.39:276][ 16]LogModuleManager: Shutting down and abandoning module ProceduralMeshComponentEditor (298)
[2017.06.29-22.18.39:276][ 16]LogModuleManager: Shutting down and abandoning module ProceduralMeshComponent (296)
[2017.06.29-22.18.39:276][ 16]LogModuleManager: Shutting down and abandoning module OculusLibrary (294)
[2017.06.29-22.18.39:276][ 16]LogModuleManager: Shutting down and abandoning module OculusInput (292)
[2017.06.29-22.18.39:276][ 16]LogModuleManager: Shutting down and abandoning module MobilePatchingUtils (290)
[2017.06.29-22.18.39:276][ 16]LogModuleManager: Shutting down and abandoning module CustomMeshComponent (288)
[2017.06.29-22.18.39:276][ 16]LogModuleManager: Shutting down and abandoning module CableComponent (286)
[2017.06.29-22.18.39:276][ 16]LogModuleManager: Shutting down and abandoning module ArchVisCharacter (284)
[2017.06.29-22.18.39:276][ 16]LogModuleManager: Shutting down and abandoning module MediaPlayerEditor (280)
[2017.06.29-22.18.39:276][ 16]LogModuleManager: Shutting down and abandoning module HTML5Networking (278)
[2017.06.29-22.18.39:276][ 16]LogModuleManager: Shutting down and abandoning module AlembicImporter (276)
[2017.06.29-22.18.39:276][ 16]LogModuleManager: Shutting down and abandoning module AlembicLibrary (275)
[2017.06.29-22.18.39:276][ 16]LogModuleManager: Shutting down and abandoning module GeometryCache (274)
[2017.06.29-22.18.39:276][ 16]LogModuleManager: Shutting down and abandoning module GeometryCacheEd (273)
[2017.06.29-22.18.39:276][ 16]LogModuleManager: Shutting down and abandoning module SuperSearchEditor (268)
[2017.06.29-22.18.39:276][ 16]LogModuleManager: Shutting down and abandoning module SuperSearch (267)
[2017.06.29-22.18.39:276][ 16]LogModuleManager: Shutting down and abandoning module SpeedTreeImporter (264)
[2017.06.29-22.18.39:276][ 16]LogModuleManager: Shutting down and abandoning module PluginBrowser (262)
[2017.06.29-22.18.39:276][ 16]LogModuleManager: Shutting down and abandoning module MobileLauncherProfileWizard (260)
[2017.06.29-22.18.39:276][ 16]LogModuleManager: Shutting down and abandoning module EpicSurvey (258)
[2017.06.29-22.18.39:276][ 16]LogModuleManager: Shutting down and abandoning module VisualStudioSourceCodeAccess (256)
[2017.06.29-22.18.39:276][ 16]LogModuleManager: Shutting down and abandoning module DesktopPlatform (255)
[2017.06.29-22.18.39:276][ 16]LogModuleManager: Shutting down and abandoning module UObjectPlugin (252)
[2017.06.29-22.18.39:276][ 16]LogModuleManager: Shutting down and abandoning module SubversionSourceControl (250)
[2017.06.29-22.18.39:276][ 16]LogModuleManager: Shutting down and abandoning module PerforceSourceControl (248)
[2017.06.29-22.18.39:276][ 16]LogModuleManager: Shutting down and abandoning module GitSourceControl (246)
[2017.06.29-22.18.39:276][ 16]LogModuleManager: Shutting down and abandoning module SourceControl (245)
[2017.06.29-22.18.39:276][ 16]LogModuleManager: Shutting down and abandoning module LightPropagationVolumeEditor (242)
[2017.06.29-22.18.39:276][ 16]LogModuleManager: Shutting down and abandoning module PaperTiledImporter (240)
[2017.06.29-22.18.39:277][ 16]LogModuleManager: Shutting down and abandoning module PaperSpriteSheetImporter (238)
[2017.06.29-22.18.39:277][ 16]LogModuleManager: Shutting down and abandoning module Paper2DEditor (236)
[2017.06.29-22.18.39:277][ 16]LogModuleManager: Shutting down and abandoning module MeshPaint (235)
[2017.06.29-22.18.39:277][ 16]LogModuleManager: Shutting down and abandoning module LevelEditor (233)
[2017.06.29-22.18.39:277][ 16]LogModuleManager: Shutting down and abandoning module PixelInspectorModule (232)
[2017.06.29-22.18.39:277][ 16]LogModuleManager: Shutting down and abandoning module MainFrame (230)
[2017.06.29-22.18.39:277][ 16]LogModuleManager: Shutting down and abandoning module HotReload (229)
[2017.06.29-22.18.39:278][ 16]LogModuleManager: Shutting down and abandoning module ContentBrowser (225)
[2017.06.29-22.18.39:279][ 16]LogModuleManager: Shutting down and abandoning module PhysXVehiclesEditor (222)
[2017.06.29-22.18.39:279][ 16]LogModuleManager: Shutting down and abandoning module PhysXVehicles (220)
[2017.06.29-22.18.39:279][ 16]LogModuleManager: Shutting down and abandoning module LocationServicesBPLibrary (218)
[2017.06.29-22.18.39:279][ 16]LogModuleManager: Shutting down and abandoning module UdpMessaging (216)
[2017.06.29-22.18.39:379][ 16]LogModuleManager: Shutting down and abandoning module TcpMessaging (214)
[2017.06.29-22.18.39:480][ 16]LogModuleManager: Shutting down and abandoning module GameplayTagsEditor (212)
[2017.06.29-22.18.39:480][ 16]LogModuleManager: Shutting down and abandoning module FacialAnimationEditor (210)
[2017.06.29-22.18.39:480][ 16]LogModuleManager: Shutting down and abandoning module FacialAnimation (208)
[2017.06.29-22.18.39:480][ 16]LogModuleManager: Shutting down and abandoning module LightPropagationVolumeRuntime (206)
[2017.06.29-22.18.39:480][ 16]LogModuleManager: Shutting down and abandoning module Paper2D (204)
[2017.06.29-22.18.39:480][ 16]LogModuleManager: Shutting down and abandoning module WindowsMoviePlayer (202)
[2017.06.29-22.18.39:480][ 16]LogModuleManager: Shutting down and abandoning module WmfMedia (200)
[2017.06.29-22.18.39:480][ 16]LogModuleManager: Shutting down and abandoning module MfMedia (198)
[2017.06.29-22.18.39:480][ 16]LogModuleManager: Shutting down and abandoning module MediaAssets (196)
[2017.06.29-22.18.39:480][ 16]LogModuleManager: Shutting down and abandoning module GameLiveStreaming (194)
[2017.06.29-22.18.39:481][ 16]LogModuleManager: Shutting down and abandoning module VREditor (192)
[2017.06.29-22.18.39:481][ 16]LogModuleManager: Shutting down and abandoning module GameplayTasksEditor (190)
[2017.06.29-22.18.39:481][ 16]LogModuleManager: Shutting down and abandoning module BehaviorTreeEditor (188)
[2017.06.29-22.18.39:481][ 16]LogModuleManager: Shutting down and abandoning module FunctionalTesting (186)
[2017.06.29-22.18.39:481][ 16]LogModuleManager: Shutting down and abandoning module CollisionAnalyzer (184)
[2017.06.29-22.18.39:481][ 16]LogModuleManager: Shutting down and abandoning module UMG (182)
[2017.06.29-22.18.39:481][ 16]LogModuleManager: Shutting down and abandoning module UMGEditor (181)
[2017.06.29-22.18.39:481][ 16]LogModuleManager: Shutting down and abandoning module Sequencer (180)
[2017.06.29-22.18.39:481][ 16]LogModuleManager: Shutting down and abandoning module AssetTools (178)
[2017.06.29-22.18.39:481][ 16]LogModuleManager: Shutting down and abandoning module MessageLog (177)
[2017.06.29-22.18.39:481][ 16]LogModuleManager: Shutting down and abandoning module WorkspaceMenuStructure (176)
[2017.06.29-22.18.39:481][ 16]LogModuleManager: Shutting down and abandoning module SlateReflector (170)
[2017.06.29-22.18.39:481][ 16]LogModuleManager: Shutting down and abandoning module Slate (168)
[2017.06.29-22.18.39:481][ 16]LogModuleManager: Shutting down and abandoning module EditorStyle (166)
[2017.06.29-22.18.39:486][ 16]LogModuleManager: Shutting down and abandoning module SourceCodeAccess (164)
[2017.06.29-22.18.39:486][ 16]LogModuleManager: Shutting down and abandoning module HeadMountedDisplay (162)
[2017.06.29-22.18.39:486][ 16]LogModuleManager: Shutting down and abandoning module XAudio2 (160)
[2017.06.29-22.18.39:486][ 16]LogModuleManager: Shutting down and abandoning module Networking (158)
[2017.06.29-22.18.39:486][ 16]LogModuleManager: Shutting down and abandoning module Core (154)
[2017.06.29-22.18.39:486][ 16]LogModuleManager: Shutting down and abandoning module AssetRegistry (152)
[2017.06.29-22.18.39:619][ 16]LogDirectoryWatcher: A directory notification for '../../../Engine/Content/' was aborted.
[2017.06.29-22.18.39:619][ 16]LogDirectoryWatcher: A directory notification for '../../../../../../Users/Camper/Documents/Unreal Projects/DashEffect/Content/' was aborted.
[2017.06.29-22.18.39:619][ 16]LogDirectoryWatcher: A directory notification for '../../../Engine/Plugins/2D/Paper2D/Content/' was aborted.
[2017.06.29-22.18.39:619][ 16]LogModuleManager: Shutting down and abandoning module DirectoryWatcher (151)
[2017.06.29-22.18.39:620][ 16]LogModuleManager: Shutting down and abandoning module KismetCompiler (148)
[2017.06.29-22.18.39:620][ 16]LogModuleManager: Shutting down and abandoning module PhysXFormats (146)
[2017.06.29-22.18.39:620][ 16]LogModuleManager: Shutting down and abandoning module MeshUtilities (144)
[2017.06.29-22.18.39:620][ 16]LogModuleManager: Shutting down and abandoning module SimplygonSwarm (143)
[2017.06.29-22.18.39:620][ 16]LogModuleManager: Shutting down and abandoning module SimplygonMeshReduction (141)
[2017.06.29-22.18.39:620][ 16]LogModuleManager: Shutting down and abandoning module QuadricMeshReduction (139)
[2017.06.29-22.18.39:620][ 16]LogModuleManager: Shutting down and abandoning module PropertyEditor (137)
[2017.06.29-22.18.39:620][ 16]LogModuleManager: Shutting down and abandoning module DerivedDataCache (134)
[2017.06.29-22.18.39:884][ 16]LogDerivedDataCache: Shutdown
[2017.06.29-22.18.39:884][ 16]LogModuleManager: Shutting down and abandoning module TargetPlatform (132)
[2017.06.29-22.18.39:884][ 16]LogModuleManager: Shutting down and abandoning module VulkanShaderFormat (131)
[2017.06.29-22.18.39:884][ 16]LogModuleManager: Shutting down and abandoning module ShaderFormatOpenGL (129)
[2017.06.29-22.18.39:884][ 16]LogModuleManager: Shutting down and abandoning module ShaderFormatD3D (127)
[2017.06.29-22.18.39:884][ 16]LogModuleManager: Shutting down and abandoning module MetalShaderFormat (125)
[2017.06.29-22.18.39:884][ 16]LogModuleManager: Shutting down and abandoning module TextureFormatUncompressed (123)
[2017.06.29-22.18.39:884][ 16]LogModuleManager: Shutting down and abandoning module TextureFormatPVR (121)
[2017.06.29-22.18.39:884][ 16]LogModuleManager: Shutting down and abandoning module TextureFormatDXT (119)
[2017.06.29-22.18.39:884][ 16]LogModuleManager: Shutting down and abandoning module TextureFormatIntelISPCTexComp (117)
[2017.06.29-22.18.39:884][ 16]LogModuleManager: Shutting down and abandoning module TextureFormatASTC (115)
[2017.06.29-22.18.39:884][ 16]LogModuleManager: Shutting down and abandoning module ImageWrapper (114)
[2017.06.29-22.18.39:884][ 16]LogModuleManager: Shutting down and abandoning module TextureFormatAndroid (111)
[2017.06.29-22.18.39:884][ 16]LogModuleManager: Shutting down and abandoning module AudioFormatOpus (109)
[2017.06.29-22.18.39:884][ 16]LogModuleManager: Shutting down and abandoning module AudioFormatOgg (107)
[2017.06.29-22.18.39:884][ 16]LogModuleManager: Shutting down and abandoning module AudioFormatADPCM (105)
[2017.06.29-22.18.39:885][ 16]LogModuleManager: Shutting down and abandoning module LinuxTargetPlatform (103)
[2017.06.29-22.18.39:885][ 16]LogModuleManager: Shutting down and abandoning module LinuxServerTargetPlatform (101)
[2017.06.29-22.18.39:885][ 16]LogModuleManager: Shutting down and abandoning module LinuxNoEditorTargetPlatform (99)
[2017.06.29-22.18.39:885][ 16]LogModuleManager: Shutting down and abandoning module LinuxClientTargetPlatform (97)
[2017.06.29-22.18.39:885][ 16]LogModuleManager: Shutting down and abandoning module TVOSTargetPlatform (95)
[2017.06.29-22.18.39:885][ 16]LogModuleManager: Shutting down and abandoning module Messaging (93)
[2017.06.29-22.18.39:885][ 16]LogModuleManager: Shutting down and abandoning module IOSTargetPlatform (91)
[2017.06.29-22.18.39:885][ 16]LogModuleManager: Shutting down and abandoning module HTML5TargetPlatform (89)
[2017.06.29-22.18.39:885][ 16]LogModuleManager: Shutting down and abandoning module Android_PVRTCTargetPlatform (87)
[2017.06.29-22.18.39:885][ 16]LogModuleManager: Shutting down and abandoning module Android_MultiTargetPlatform (85)
[2017.06.29-22.18.39:885][ 16]LogModuleManager: Shutting down and abandoning module Android_ETC2TargetPlatform (83)
[2017.06.29-22.18.39:885][ 16]LogModuleManager: Shutting down and abandoning module Android_ETC1TargetPlatform (81)
[2017.06.29-22.18.39:885][ 16]LogModuleManager: Shutting down and abandoning module Android_DXTTargetPlatform (79)
[2017.06.29-22.18.39:885][ 16]LogModuleManager: Shutting down and abandoning module Android_ATCTargetPlatform (77)
[2017.06.29-22.18.39:885][ 16]LogModuleManager: Shutting down and abandoning module Android_ASTCTargetPlatform (75)
[2017.06.29-22.18.39:885][ 16]LogModuleManager: Shutting down and abandoning module AndroidTargetPlatform (73)
[2017.06.29-22.18.39:885][ 16]LogModuleManager: Shutting down and abandoning module WindowsTargetPlatform (71)
[2017.06.29-22.18.39:885][ 16]LogModuleManager: Shutting down and abandoning module WindowsServerTargetPlatform (69)
[2017.06.29-22.18.39:885][ 16]LogModuleManager: Shutting down and abandoning module WindowsNoEditorTargetPlatform (67)
[2017.06.29-22.18.39:885][ 16]LogModuleManager: Shutting down and abandoning module WindowsClientTargetPlatform (65)
[2017.06.29-22.18.39:885][ 16]LogModuleManager: Shutting down and abandoning module MacTargetPlatform (63)
[2017.06.29-22.18.39:885][ 16]LogModuleManager: Shutting down and abandoning module MacServerTargetPlatform (61)
[2017.06.29-22.18.39:885][ 16]LogModuleManager: Shutting down and abandoning module MacNoEditorTargetPlatform (59)
[2017.06.29-22.18.39:885][ 16]LogModuleManager: Shutting down and abandoning module MacClientTargetPlatform (57)
[2017.06.29-22.18.39:885][ 16]LogModuleManager: Shutting down and abandoning module AllDesktopTargetPlatform (55)
[2017.06.29-22.18.39:885][ 16]LogModuleManager: Shutting down and abandoning module InputCore (52)
[2017.06.29-22.18.39:885][ 16]LogModuleManager: Shutting down and abandoning module Settings (50)
[2017.06.29-22.18.39:885][ 16]LogModuleManager: Shutting down and abandoning module OculusRift (48)
[2017.06.29-22.18.39:885][ 16]LogModuleManager: Shutting down and abandoning module GearVR (46)
[2017.06.29-22.18.39:885][ 16]LogModuleManager: Shutting down and abandoning module ExampleDeviceProfileSelector (44)
[2017.06.29-22.18.39:885][ 16]LogModuleManager: Shutting down and abandoning module OnlineBlueprintSupport (42)
[2017.06.29-22.18.39:885][ 16]LogModuleManager: Shutting down and abandoning module OnlineSubsystem (38)
[2017.06.29-22.18.39:885][ 16]LogOnline:Display: Unloading online subsystem: NULL
[2017.06.29-22.18.39:885][ 16]LogModuleManager: Shutting down and abandoning module XMPP (37)
[2017.06.29-22.18.39:885][ 16]LogModuleManager: Shutting down and abandoning module HTTP (35)
[2017.06.29-22.18.39:885][ 16]LogHttp:Display: Http module shutting down, but needs to wait on 1 outstanding Http requests:
[2017.06.29-22.18.39:885][ 16]LogHttp:Display: 	verb=[POST] url=[https://datarouter.ol.epicgames.com/datarouter/api/v1/public/data?SessionID=%7B1944B9B6-45CE-1159-6D83-4892FAF716D3%7D&AppID=UEEditor.Rocket.Release&AppVersion=4.15.2-3416026%2B%2B%2BUE4%2BRelease-4.15&UserID=cb03359b402e97089a818485821d9df5%7C531a1cb3103d4709825b6649b6dc3032%7C1ff1b01f-1d35-47d8-b799-dbda82573b2d&AppEnvironment=datacollector-binary&UploadType=eteventstream] status=Processing
[2017.06.29-22.18.39:898][ 16]LogModuleManager: Shutting down and abandoning module SSL (34)
[2017.06.29-22.18.39:900][ 16]LogModuleManager: Shutting down and abandoning module AudioEditor (30)
[2017.06.29-22.18.39:900][ 16]LogModuleManager: Shutting down and abandoning module TextureCompressor (28)
[2017.06.29-22.18.39:901][ 16]LogModuleManager: Shutting down and abandoning module ShaderCore (26)
[2017.06.29-22.18.39:901][ 16]LogModuleManager: Shutting down and abandoning module Landscape (24)
[2017.06.29-22.18.39:901][ 16]LogModuleManager: Shutting down and abandoning module SlateRHIRenderer (22)
[2017.06.29-22.18.39:902][ 16]LogModuleManager: Shutting down and abandoning module OpenGLDrv (20)
[2017.06.29-22.18.39:902][ 16]LogModuleManager: Shutting down and abandoning module D3D11RHI (18)
[2017.06.29-22.18.39:902][ 16]LogModuleManager: Shutting down and abandoning module AnimGraphRuntime (16)
[2017.06.29-22.18.39:902][ 16]LogModuleManager: Shutting down and abandoning module Renderer (14)
[2017.06.29-22.18.39:902][ 16]LogModuleManager: Shutting down and abandoning module Engine (12)
[2017.06.29-22.18.39:902][ 16]LogModuleManager: Shutting down and abandoning module CoreUObject (10)
[2017.06.29-22.18.39:902][ 16]LogModuleManager: Shutting down and abandoning module NetworkFile (8)
[2017.06.29-22.18.39:902][ 16]LogModuleManager: Shutting down and abandoning module StreamingFile (6)
[2017.06.29-22.18.39:902][ 16]LogModuleManager: Shutting down and abandoning module SandboxFile (4)
[2017.06.29-22.18.39:902][ 16]LogModuleManager: Shutting down and abandoning module PakFile (2)
[2017.06.29-22.18.39:904][ 16]LogExit: Exiting.
[2017.06.29-22.18.39:912][ 16]Log file closed, 06/29/17 18:18:39
